{
"/Users/robert/Code/fresno-node-js/20150810/demos/helloworld-gulp/app.js":{"path":"/Users/robert/Code/fresno-node-js/20150810/demos/helloworld-gulp/app.js","s":{"1":1,"2":1,"3":1,"4":1,"5":2,"6":1,"7":1},"b":{},"f":{"1":2,"2":1},"fnMap":{"1":{"name":"(anonymous_1)","line":5,"loc":{"start":{"line":5,"column":13},"end":{"line":5,"column":31}}},"2":{"name":"(anonymous_2)","line":15,"loc":{"start":{"line":15,"column":17},"end":{"line":15,"column":28}}}},"statementMap":{"1":{"start":{"line":1,"column":0},"end":{"line":1,"column":33}},"2":{"start":{"line":2,"column":0},"end":{"line":2,"column":39}},"3":{"start":{"line":3,"column":0},"end":{"line":3,"column":20}},"4":{"start":{"line":5,"column":0},"end":{"line":7,"column":3}},"5":{"start":{"line":6,"column":2},"end":{"line":6,"column":97}},"6":{"start":{"line":15,"column":0},"end":{"line":17,"column":3}},"7":{"start":{"line":16,"column":2},"end":{"line":16,"column":40}}},"branchMap":{},"l":{"1":1,"2":1,"3":1,"5":1,"6":2,"15":1,"16":1}},
"/Users/robert/Code/fresno-node-js/20150810/demos/helloworld-gulp/formatter.js":{"path":"/Users/robert/Code/fresno-node-js/20150810/demos/helloworld-gulp/formatter.js","s":{"1":1,"2":2,"3":0,"4":2},"b":{"1":[0,2]},"f":{"1":2},"fnMap":{"1":{"name":"(anonymous_1)","line":1,"loc":{"start":{"line":1,"column":27},"end":{"line":1,"column":57}}}},"statementMap":{"1":{"start":{"line":1,"column":0},"end":{"line":7,"column":2}},"2":{"start":{"line":2,"column":1},"end":{"line":6,"column":2}},"3":{"start":{"line":3,"column":2},"end":{"line":3,"column":21}},"4":{"start":{"line":5,"column":2},"end":{"line":5,"column":36}}},"branchMap":{"1":{"line":2,"type":"if","locations":[{"start":{"line":2,"column":1},"end":{"line":2,"column":1}},{"start":{"line":2,"column":1},"end":{"line":2,"column":1}}]}},"l":{"1":1,"2":2,"3":0,"5":2}}}
